  main.cpp
C:\Users\fired\OneDrive\c++\labs\the-wither-4\theWitcher4\theWitcher4\main.cpp(32,68): warning C4244: return: преобразование "double" в "float", возможна потеря данных
C:\Users\fired\OneDrive\c++\labs\the-wither-4\theWitcher4\theWitcher4\main.cpp(60,79): warning C4244: аргумент: преобразование "T" в "float", возможна потеря данных
          with
          [
              T=unsigned int
          ]
C:\Users\fired\OneDrive\c++\labs\the-wither-4\theWitcher4\theWitcher4\main.cpp(60,47): warning C4244: аргумент: преобразование "T" в "float", возможна потеря данных
          with
          [
              T=unsigned int
          ]
C:\Users\fired\OneDrive\c++\labs\the-wither-4\theWitcher4\theWitcher4\main.cpp(70,82): warning C4244: аргумент: преобразование "T" в "float", возможна потеря данных
          with
          [
              T=unsigned int
          ]
C:\Users\fired\OneDrive\c++\labs\the-wither-4\theWitcher4\theWitcher4\main.cpp(70,49): warning C4244: аргумент: преобразование "T" в "float", возможна потеря данных
          with
          [
              T=unsigned int
          ]
C:\Users\fired\OneDrive\c++\labs\the-wither-4\theWitcher4\theWitcher4\main.cpp(80,70): warning C4244: аргумент: преобразование "T" в "float", возможна потеря данных
          with
          [
              T=unsigned int
          ]
C:\Users\fired\OneDrive\c++\labs\the-wither-4\theWitcher4\theWitcher4\main.cpp(80,41): warning C4244: аргумент: преобразование "T" в "float", возможна потеря данных
          with
          [
              T=unsigned int
          ]
C:\Users\fired\OneDrive\c++\labs\the-wither-4\theWitcher4\theWitcher4\main.cpp(97,48): warning C4244: аргумент: преобразование "T" в "float", возможна потеря данных
          with
          [
              T=unsigned int
          ]
C:\Users\fired\OneDrive\c++\labs\the-wither-4\theWitcher4\theWitcher4\main.cpp(106,61): warning C4244: аргумент: преобразование "T" в "float", возможна потеря данных
          with
          [
              T=unsigned int
          ]
C:\Users\fired\OneDrive\c++\labs\the-wither-4\theWitcher4\theWitcher4\main.cpp(106,37): warning C4244: аргумент: преобразование "T" в "float", возможна потеря данных
          with
          [
              T=unsigned int
          ]
C:\Users\fired\OneDrive\c++\labs\the-wither-4\theWitcher4\theWitcher4\main.cpp(115,58): warning C4244: аргумент: преобразование "T" в "float", возможна потеря данных
          with
          [
              T=unsigned int
          ]
C:\Users\fired\OneDrive\c++\labs\the-wither-4\theWitcher4\theWitcher4\main.cpp(115,35): warning C4244: аргумент: преобразование "T" в "float", возможна потеря данных
          with
          [
              T=unsigned int
          ]
C:\Users\fired\OneDrive\c++\labs\the-wither-4\theWitcher4\theWitcher4\main.cpp(309,92): warning C4244: аргумент: преобразование "T" в "float", возможна потеря данных
          with
          [
              T=unsigned int
          ]
C:\Users\fired\OneDrive\c++\labs\the-wither-4\theWitcher4\theWitcher4\main.cpp(309,59): warning C4244: аргумент: преобразование "T" в "float", возможна потеря данных
          with
          [
              T=unsigned int
          ]
C:\Users\fired\OneDrive\c++\labs\the-wither-4\theWitcher4\theWitcher4\main.cpp(334,76): warning C4244: аргумент: преобразование "T" в "float", возможна потеря данных
          with
          [
              T=unsigned int
          ]
C:\Users\fired\OneDrive\c++\labs\the-wither-4\theWitcher4\theWitcher4\main.cpp(334,46): warning C4244: аргумент: преобразование "T" в "float", возможна потеря данных
          with
          [
              T=unsigned int
          ]
C:\Users\fired\OneDrive\c++\labs\the-wither-4\theWitcher4\theWitcher4\main.cpp(370,13): warning C4244: инициализация: преобразование "const T" в "float", возможна потеря данных
          with
          [
              T=int
          ]
C:\Users\fired\OneDrive\c++\labs\the-wither-4\theWitcher4\theWitcher4\main.cpp(377,33): warning C4552: "+": результат выражения не используется
C:\Users\fired\OneDrive\c++\labs\the-wither-4\theWitcher4\theWitcher4\main.cpp(522,26): warning C4244: =: преобразование "double" в "float", возможна потеря данных
C:\Users\fired\OneDrive\c++\labs\the-wither-4\theWitcher4\theWitcher4\main.cpp(526,25): warning C4244: =: преобразование "double" в "float", возможна потеря данных
C:\Users\fired\OneDrive\c++\labs\the-wither-4\theWitcher4\theWitcher4\main.cpp(530,23): warning C4244: =: преобразование "double" в "float", возможна потеря данных
  theWitcher4.vcxproj -> C:\Users\fired\OneDrive\c++\labs\the-wither-4\theWitcher4\x64\Debug\theWitcher4.exe
